<?xml version="1.0" encoding="UTF-8"?>
<!-- Generated by org.testng.reporters.JUnitXMLReporter -->
<testsuite hostname="DESKTOP-D7MVLSG" name="AppiumTest" tests="4" failures="1" timestamp="9 Sep 2020 07:18:18 GMT" time="51.225" errors="0">
  <testcase name="open_app" time="24.599" classname="TestCases.TC_01_signIn"/>
  <testcase name="click_On_Dismiss_btn" time="9.773" classname="TestCases.TC_01_signIn"/>
  <testcase name="SignIn_Using_Google" time="16.807" classname="TestCases.TC_01_signIn"/>
  <testcase name="My_Course_Action" time="0.003" classname="TestCases.TC_02_Mycourse">
    <failure type="java.lang.NullPointerException">
      <![CDATA[java.lang.NullPointerException
	at PageObjects.MyCoursePage.click_on_getStarted(MyCoursePage.java:28)
	at TestCases.TC_02_Mycourse.My_Course_Action(TC_02_Mycourse.java:18)
... Removed 24 stack frames]]>
    </failure>
  </testcase> <!-- My_Course_Action -->
</testsuite> <!-- AppiumTest -->
