<?xml version="1.0" encoding="UTF-8"?>
<!-- Generated by org.testng.reporters.JUnitXMLReporter -->
<testsuite hostname="DESKTOP-D7MVLSG" name="SignIn" tests="3" failures="0" timestamp="10 Sep 2020 10:33:51 GMT" time="59.021" errors="0">
  <testcase name="open_app" time="30.483" classname="TestCases.TC_01_signIn"/>
  <testcase name="click_On_Dismiss_btn" time="10.347" classname="TestCases.TC_01_signIn"/>
  <testcase name="SignIn_Using_Google" time="18.164" classname="TestCases.TC_01_signIn"/>
</testsuite> <!-- SignIn -->
